2025-06-07 23:52:39,930 dev-personal /usr/lib/jvm/jdk-23.0.1-oracle-x64/bin/java[204573] WARN  [io.qua.config] (Quarkus Main Thread) Unrecognized configuration key "quarkus.grpc.server.enable" was provided; it will be ignored; verify that the dependency extension for this configuration is set or that you did not make a typo
2025-06-07 23:52:39,955 dev-personal /usr/lib/jvm/jdk-23.0.1-oracle-x64/bin/java[204573] INFO  [liq.database] (Quarkus Main Thread) Set default schema name to public
2025-06-07 23:52:39,963 dev-personal /usr/lib/jvm/jdk-23.0.1-oracle-x64/bin/java[204573] INFO  [liq.lockservice] (Quarkus Main Thread) Successfully acquired change log lock
2025-06-07 23:52:39,990 dev-personal /usr/lib/jvm/jdk-23.0.1-oracle-x64/bin/java[204573] INFO  [liq.changelog] (Quarkus Main Thread) Reading from public.databasechangelog
2025-06-07 23:52:39,993 dev-personal /usr/lib/jvm/jdk-23.0.1-oracle-x64/bin/java[204573] INFO  [liq.command] (Quarkus Main Thread) Command execution complete
2025-06-07 23:52:40,011 dev-personal /usr/lib/jvm/jdk-23.0.1-oracle-x64/bin/java[204573] INFO  [liq.changelog] (Quarkus Main Thread) Reading from public.databasechangelog
2025-06-07 23:52:40,020 dev-personal /usr/lib/jvm/jdk-23.0.1-oracle-x64/bin/java[204573] INFO  [liq.changelog] (Quarkus Main Thread) Reading from public.databasechangelog
2025-06-07 23:52:40,022 dev-personal /usr/lib/jvm/jdk-23.0.1-oracle-x64/bin/java[204573] INFO  [liq.util] (Quarkus Main Thread) UPDATE SUMMARY
2025-06-07 23:52:40,022 dev-personal /usr/lib/jvm/jdk-23.0.1-oracle-x64/bin/java[204573] INFO  [liq.util] (Quarkus Main Thread) Run:                          0
2025-06-07 23:52:40,022 dev-personal /usr/lib/jvm/jdk-23.0.1-oracle-x64/bin/java[204573] INFO  [liq.util] (Quarkus Main Thread) Previously run:               4
2025-06-07 23:52:40,022 dev-personal /usr/lib/jvm/jdk-23.0.1-oracle-x64/bin/java[204573] INFO  [liq.util] (Quarkus Main Thread) Filtered out:                 0
2025-06-07 23:52:40,022 dev-personal /usr/lib/jvm/jdk-23.0.1-oracle-x64/bin/java[204573] INFO  [liq.util] (Quarkus Main Thread) -------------------------------
2025-06-07 23:52:40,022 dev-personal /usr/lib/jvm/jdk-23.0.1-oracle-x64/bin/java[204573] INFO  [liq.util] (Quarkus Main Thread) Total change sets:            4
2025-06-07 23:52:40,022 dev-personal /usr/lib/jvm/jdk-23.0.1-oracle-x64/bin/java[204573] INFO  [liq.util] (Quarkus Main Thread) Update summary generated
2025-06-07 23:52:40,024 dev-personal /usr/lib/jvm/jdk-23.0.1-oracle-x64/bin/java[204573] INFO  [liq.lockservice] (Quarkus Main Thread) Successfully released change log lock
2025-06-07 23:52:40,025 dev-personal /usr/lib/jvm/jdk-23.0.1-oracle-x64/bin/java[204573] INFO  [liq.command] (Quarkus Main Thread) Command execution complete
2025-06-07 23:52:40,027 dev-personal /usr/lib/jvm/jdk-23.0.1-oracle-x64/bin/java[204573] INFO  [liq.lockservice] (Quarkus Main Thread) Successfully released change log lock
2025-06-07 23:52:40,040 dev-personal /usr/lib/jvm/jdk-23.0.1-oracle-x64/bin/java[204573] WARN  [io.qua.grp.run.GrpcServerRecorder] (Quarkus Main Thread) Using legacy gRPC support with a separate HTTP server instance. This is the current default to maintain compatibility.
You can switch to the new unified HTTP server by setting quarkus.grpc.server.use-separate-server=false
This change is recommended for new applications and will become the default in future versions.

2025-06-07 23:52:40,053 dev-personal /usr/lib/jvm/jdk-23.0.1-oracle-x64/bin/java[204573] INFO  [com.dem.HelloLifecycle] (Quarkus Main Thread) Quarkus application 'onStart' method triggered
2025-06-07 23:52:40,056 dev-personal /usr/lib/jvm/jdk-23.0.1-oracle-x64/bin/java[204573] INFO  [com.dem.HelloStartUp] (Quarkus Main Thread) Post construct method call
2025-06-07 23:52:40,057 dev-personal /usr/lib/jvm/jdk-23.0.1-oracle-x64/bin/java[204573] INFO  [io.quarkus] (Quarkus Main Thread) quarkus-grpc-demo 1.0.0-SNAPSHOT on JVM (powered by Quarkus 3.22.3) started in 0.643s. Listening on: http://localhost:8082
2025-06-07 23:52:40,058 dev-personal /usr/lib/jvm/jdk-23.0.1-oracle-x64/bin/java[204573] INFO  [io.quarkus] (Quarkus Main Thread) Profile dev activated. Live Coding activated.
2025-06-07 23:52:40,058 dev-personal /usr/lib/jvm/jdk-23.0.1-oracle-x64/bin/java[204573] INFO  [io.quarkus] (Quarkus Main Thread) Installed features: [agroal, cdi, compose, grpc-server, hibernate-orm, hibernate-orm-panache, jdbc-postgresql, liquibase, narayana-jta, rest, rest-client, rest-client-jackson, rest-jackson, smallrye-context-propagation, smallrye-fault-tolerance, smallrye-health, smallrye-openapi, swagger-ui, vertx]
2025-06-07 23:52:40,060 dev-personal /usr/lib/jvm/jdk-23.0.1-oracle-x64/bin/java[204573] INFO  [io.qua.dep.dev.RuntimeUpdatesProcessor] (vert.x-worker-thread-11) Live reload total time: 0.682s 
2025-06-07 23:52:40,069 dev-personal /usr/lib/jvm/jdk-23.0.1-oracle-x64/bin/java[204573] INFO  [io.qua.htt.access-log] (vert.x-eventloop-thread-1) 127.0.0.1 - - [07/Jun/2025:23:52:40 +0300] "GET /q/dev-ui/devui-data.js?1749329560056 HTTP/1.1" 200 409078
2025-06-07 23:52:40,718 dev-personal /usr/lib/jvm/jdk-23.0.1-oracle-x64/bin/java[204573] INFO  [io.qua.htt.access-log] (vert.x-eventloop-thread-2) 127.0.0.1 - - [07/Jun/2025:23:52:40 +0300] "GET /q/health/live HTTP/1.1" 200 318
2025-06-07 23:52:41,170 dev-personal /usr/lib/jvm/jdk-23.0.1-oracle-x64/bin/java[204573] INFO  [io.qua.htt.access-log] (vert.x-eventloop-thread-2) 127.0.0.1 - - [07/Jun/2025:23:52:41 +0300] "GET /q/dev-ui/devui-data.js?1749329561160 HTTP/1.1" 200 409078
